-------------------------------------------------------------------------------
Test set: cucumber.RunCucumberTest
-------------------------------------------------------------------------------
Tests run: 1, Failures: 0, Errors: 1, Skipped: 0, Time elapsed: 0.726 s <<< FAILURE! - in cucumber.RunCucumberTest
Rotate Image.Simple test  Time elapsed: 0.195 s  <<< ERROR!
java.lang.IllegalArgumentException: Cannot handle 

